<?xml version="1.0" encoding="UTF-8"?>
<testsuite name="museumvisit.MuseumRoomTest" tests="2" skipped="0" failures="0" errors="0" timestamp="2024-02-26T00:40:57" hostname="CELESTE" time="0.014">
  <properties/>
  <testcase name="exception on enter if room gets full" classname="museumvisit.MuseumRoomTest" time="0.013"/>
  <testcase name="test name" classname="museumvisit.MuseumRoomTest" time="0.0"/>
  <system-out><![CDATA[]]></system-out>
  <system-err><![CDATA[]]></system-err>
</testsuite>
